<?xml version="1.0" encoding="UTF-8"?>
<!-- Generated by org.testng.reporters.JUnitXMLReporter -->
<testsuite ignored="0" hostname="IBM-PF32QD88" failures="0" tests="5" name="Default test" time="0.059" errors="0" timestamp="2023-05-28T12:23:19 IST">
  <testcase classname="Basics.Day4" name="APILoginHloan" time="0.008"/>
  <testcase classname="Basics.Day4" name="MobileLoginHloan" time="0.001"/>
  <testcase classname="Basics.Day4" name="MobileLoginHloan" time="0.001"/>
  <testcase classname="Basics.Day4" name="MobileLoginHloan" time="0.001"/>
  <testcase classname="Basics.Day4" name="WebLoginHloan" time="0.0"/>
</testsuite> <!-- Default test -->
