<?xml version="1.0" encoding="UTF-8"?>
<!-- Generated by org.testng.reporters.JUnitXMLReporter -->
<testsuite ignored="2" hostname="IBM-PF32QD88" failures="0" tests="1" name="Home Loan" time="0.008" errors="0" timestamp="2023-05-28T12:42:04 IST">
  <testcase classname="Basics.Day4" name="APILoginHloan" time="0.001"/>
  <testcase classname="Basics.Day4" name="WebLoginHloan" time="0.0">
    <ignored/>
  </testcase> <!-- WebLoginHloan -->
  <testcase classname="Basics.Day4" name="MobileLoginHloan" time="0.0">
    <ignored/>
  </testcase> <!-- MobileLoginHloan -->
</testsuite> <!-- Home Loan -->
