<?xml version="1.0" encoding="UTF-8"?>
<!-- Generated by org.testng.reporters.JUnitXMLReporter -->
<testsuite ignored="8" hostname="IBM-PF32QD88" failures="0" tests="3" name="Regression" time="0.052" errors="0" timestamp="2023-05-27T17:01:07 IST">
  <testcase classname="Basics.Day2" name="method1" time="0.007"/>
  <testcase classname="Basics.Day3" name="MobileSignOutCloan" time="0.001"/>
  <testcase classname="Basics.Day4" name="WebLoginHloan" time="0.001"/>
  <testcase classname="Basics.Day3" name="MobileSigninCloan" time="0.0">
    <ignored/>
  </testcase> <!-- MobileSigninCloan -->
  <testcase classname="Basics.Day3" name="MobileLoginCloan" time="0.0">
    <ignored/>
  </testcase> <!-- MobileLoginCloan -->
  <testcase classname="Basics.Day1" name="method2" time="0.0">
    <ignored/>
  </testcase> <!-- method2 -->
  <testcase classname="Basics.Day3" name="APILoginCloan" time="0.0">
    <ignored/>
  </testcase> <!-- APILoginCloan -->
  <testcase classname="Basics.Day1" name="method1" time="0.0">
    <ignored/>
  </testcase> <!-- method1 -->
  <testcase classname="Basics.Day4" name="APILoginHloan" time="0.0">
    <ignored/>
  </testcase> <!-- APILoginHloan -->
  <testcase classname="Basics.Day3" name="WebLoginCloan" time="0.0">
    <ignored/>
  </testcase> <!-- WebLoginCloan -->
  <testcase classname="Basics.Day4" name="MobileLoginHloan" time="0.0">
    <ignored/>
  </testcase> <!-- MobileLoginHloan -->
</testsuite> <!-- Regression -->
